<?xml version="1.0" encoding="UTF-8"?>
<!-- Generated by org.testng.reporters.JUnitXMLReporter -->
<testsuite ignored="0" hostname="Chandan" failures="0" tests="5" name="Test" time="44.085" errors="0" timestamp="2024-10-02T19:45:48 IST">
  <testcase classname="tests.CartTest" name="cart" time="0.013"/>
  <testcase classname="tests.RegisterTest" name="registration" time="0.002"/>
  <testcase classname="tests.OrderTest" name="order" time="0.001"/>
  <testcase classname="tests.LoginTest" name="login" time="13.929"/>
  <testcase classname="tests.LoginTest" name="login" time="23.298"/>
</testsuite> <!-- Test -->
