<?xml version="1.0" encoding="UTF-8"?>
<!-- Generated by org.testng.reporters.JUnitXMLReporter -->
<testsuite ignored="0" hostname="Chandan" failures="0" tests="5" name="Test" time="43.935" errors="0" timestamp="2024-10-02T22:48:01 IST">
  <testcase classname="tests.CartTest" name="cart" time="0.006"/>
  <testcase classname="tests.RegisterTest" name="registration" time="0.0"/>
  <testcase classname="tests.OrderTest" name="order" time="0.0"/>
  <testcase classname="tests.LoginTest" name="login" time="13.484"/>
  <testcase classname="tests.LoginTest" name="login" time="23.393"/>
</testsuite> <!-- Test -->
