<?xml version="1.0" encoding="UTF-8"?>
<testng-results ignored="0" total="5" passed="5" failed="0" skipped="0">
  <reporter-output>
  </reporter-output>
  <suite started-at="2024-10-02T19:45:03 IST" name="Suite" finished-at="2024-10-02T19:45:48 IST" duration-ms="44085">
    <groups>
    </groups>
    <test started-at="2024-10-02T19:45:03 IST" name="Test" finished-at="2024-10-02T19:45:48 IST" duration-ms="44085">
      <class name="tests.LoginTest">
        <test-method is-config="true" signature="lunchbrowser()[pri:0, instance:tests.LoginTest@6743e411]" started-at="2024-10-02T19:45:04 IST" name="lunchbrowser" finished-at="2024-10-02T19:45:07 IST" duration-ms="3929" status="PASS">
          <reporter-output>
          </reporter-output>
        </test-method> <!-- lunchbrowser -->
        <test-method signature="login(java.lang.String,java.lang.String,java.lang.String)[pri:0, instance:tests.LoginTest@6743e411]" started-at="2024-10-02T19:45:07 IST" name="login" data-provider="getlogindata" finished-at="2024-10-02T19:45:21 IST" duration-ms="13929" status="PASS">
          <params>
            <param index="0">
              <value>
                <![CDATA[chandanjena03@gmail.com]]>
              </value>
            </param>
            <param index="1">
              <value>
                <![CDATA[Chandan.123]]>
              </value>
            </param>
            <param index="2">
              <value>
                <![CDATA[success]]>
              </value>
            </param>
          </params>
          <reporter-output>
          </reporter-output>
        </test-method> <!-- login -->
        <test-method is-config="true" signature="closure()[pri:0, instance:tests.LoginTest@6743e411]" started-at="2024-10-02T19:45:21 IST" name="closure" finished-at="2024-10-02T19:45:22 IST" duration-ms="158" status="PASS">
          <reporter-output>
          </reporter-output>
        </test-method> <!-- closure -->
        <test-method is-config="true" signature="lunchbrowser()[pri:0, instance:tests.LoginTest@6743e411]" started-at="2024-10-02T19:45:22 IST" name="lunchbrowser" finished-at="2024-10-02T19:45:24 IST" duration-ms="2523" status="PASS">
          <reporter-output>
          </reporter-output>
        </test-method> <!-- lunchbrowser -->
        <test-method signature="login(java.lang.String,java.lang.String,java.lang.String)[pri:0, instance:tests.LoginTest@6743e411]" started-at="2024-10-02T19:45:24 IST" name="login" data-provider="getlogindata" finished-at="2024-10-02T19:45:47 IST" duration-ms="23298" status="PASS">
          <params>
            <param index="0">
              <value>
                <![CDATA[dummy@gmail.com]]>
              </value>
            </param>
            <param index="1">
              <value>
                <![CDATA[Test.123]]>
              </value>
            </param>
            <param index="2">
              <value>
                <![CDATA[Fail]]>
              </value>
            </param>
          </params>
          <reporter-output>
          </reporter-output>
        </test-method> <!-- login -->
        <test-method is-config="true" signature="closure()[pri:0, instance:tests.LoginTest@6743e411]" started-at="2024-10-02T19:45:47 IST" name="closure" finished-at="2024-10-02T19:45:48 IST" duration-ms="164" status="PASS">
          <reporter-output>
          </reporter-output>
        </test-method> <!-- closure -->
      </class> <!-- tests.LoginTest -->
      <class name="tests.OrderTest">
        <test-method signature="order()[pri:0, instance:tests.OrderTest@7dcf94f8]" started-at="2024-10-02T19:45:04 IST" name="order" finished-at="2024-10-02T19:45:04 IST" duration-ms="1" status="PASS">
          <reporter-output>
          </reporter-output>
        </test-method> <!-- order -->
      </class> <!-- tests.OrderTest -->
      <class name="tests.CartTest">
        <test-method signature="cart()[pri:0, instance:tests.CartTest@1f2586d6]" started-at="2024-10-02T19:45:04 IST" name="cart" finished-at="2024-10-02T19:45:04 IST" duration-ms="13" status="PASS">
          <reporter-output>
          </reporter-output>
        </test-method> <!-- cart -->
      </class> <!-- tests.CartTest -->
      <class name="tests.RegisterTest">
        <test-method signature="registration()[pri:0, instance:tests.RegisterTest@217ed35e]" started-at="2024-10-02T19:45:04 IST" name="registration" finished-at="2024-10-02T19:45:04 IST" duration-ms="2" status="PASS">
          <reporter-output>
          </reporter-output>
        </test-method> <!-- registration -->
      </class> <!-- tests.RegisterTest -->
    </test> <!-- Test -->
  </suite> <!-- Suite -->
</testng-results>
